<?xml version="1.0" encoding="UTF-8"?>
<Site BuildName="Linux-g++"
	BuildStamp="20231102-0823-Experimental"
	Name="debnote"
	Generator="ctest-3.25.1"
	CompilerName="/usr/bin/g++"
	CompilerVersion="12.2.0"
	OSName="Linux"
	Hostname="debnote"
	OSRelease="6.1.0-12-amd64"
	OSVersion="#1 SMP PREEMPT_DYNAMIC Debian 6.1.52-1 (2023-09-07)"
	OSPlatform="x86_64"
	Is64Bits="1"
	VendorString="AuthenticAMD"
	VendorID="Advanced Micro Devices"
	FamilyID="23"
	ModelID="104"
	ProcessorCacheSize="512"
	NumberOfLogicalCPU="8"
	NumberOfPhysicalCPU="4"
	TotalVirtualMemory="976"
	TotalPhysicalMemory="5785"
	LogicalProcessorsPerPhysical="2"
	ProcessorClockFrequency="3891.29"
	>
	<Testing>
		<StartDateTime>Nov 02 12:31 MSK</StartDateTime>
		<StartTestTime>1698917497</StartTestTime>
		<TestList/>
		<EndDateTime>Nov 02 12:31 MSK</EndDateTime>
		<EndTestTime>1698917497</EndTestTime>
		<ElapsedMinutes>0</ElapsedMinutes>
	</Testing>
</Site>
